This is pdfTeXk, Version 3.141592-1.40.3 (Web2C 7.5.6) (format=pdflatex 2012.2.16)  5 AUG 2016 14:29
entering extended mode
 %&-line parsing enabled.
**ec.tex
(./ec.tex
LaTeX2e <2005/12/01>
Babel <v3.8h> and hyphenation patterns for english, usenglishmax, dumylang, noh
yphenation, arabic, basque, bulgarian, coptic, welsh, czech, slovak, german, ng
erman, danish, esperanto, spanish, catalan, galician, estonian, farsi, finnish,
 french, greek, monogreek, ancientgreek, croatian, hungarian, interlingua, ibyc
us, indonesian, icelandic, italian, latin, mongolian, dutch, norsk, polish, por
tuguese, pinyin, romanian, russian, slovenian, uppersorbian, serbian, swedish, 
turkish, ukenglish, ukrainian, loaded.
(./rs.cls (/usr/share/texmf/tex/latex/base/article.cls
Document Class: article 2005/09/16 v1.4f Standard LaTeX document class
(/usr/share/texmf/tex/latex/base/size11.clo
File: size11.clo 2005/09/16 v1.4f Standard LaTeX file (size option)
)
\c@part=\count79
\c@section=\count80
\c@subsection=\count81
\c@subsubsection=\count82
\c@paragraph=\count83
\c@subparagraph=\count84
\c@figure=\count85
\c@table=\count86
\abovecaptionskip=\skip41
\belowcaptionskip=\skip42
\bibindent=\dimen102
)
(/usr/share/texmf/tex/latex/amscls/amsthm.sty
Package: amsthm 2004/08/06 v2.20
\thm@style=\toks14
\thm@bodyfont=\toks15
\thm@headfont=\toks16
\thm@notefont=\toks17
\thm@headpunct=\toks18
\thm@preskip=\skip43
\thm@postskip=\skip44
\thm@headsep=\skip45
\dth@everypar=\toks19
)
(/usr/share/texmf/tex/latex/amsfonts/amssymb.sty
Package: amssymb 2002/01/22 v2.2d

(/usr/share/texmf/tex/latex/amsfonts/amsfonts.sty
Package: amsfonts 2001/10/25 v2.2f
\@emptytoks=\toks20
\symAMSa=\mathgroup4
\symAMSb=\mathgroup5
LaTeX Font Info:    Overwriting math alphabet `\mathfrak' in version `bold'
(Font)                  U/euf/m/n --> U/euf/b/n on input line 132.
))
(/usr/share/texmf/tex/latex/amsmath/amsmath.sty
Package: amsmath 2000/07/18 v2.13 AMS math features
\@mathmargin=\skip46

For additional information on amsmath, use the `?' option.
(/usr/share/texmf/tex/latex/amsmath/amstext.sty
Package: amstext 2000/06/29 v2.01

(/usr/share/texmf/tex/latex/amsmath/amsgen.sty
File: amsgen.sty 1999/11/30 v2.0
\@emptytoks=\toks21
\ex@=\dimen103
))
(/usr/share/texmf/tex/latex/amsmath/amsbsy.sty
Package: amsbsy 1999/11/29 v1.2d
\pmbraise@=\dimen104
)
(/usr/share/texmf/tex/latex/amsmath/amsopn.sty
Package: amsopn 1999/12/14 v2.01 operator names
)
\inf@bad=\count87
LaTeX Info: Redefining \frac on input line 211.
\uproot@=\count88
\leftroot@=\count89
LaTeX Info: Redefining \overline on input line 307.
\classnum@=\count90
\DOTSCASE@=\count91
LaTeX Info: Redefining \ldots on input line 379.
LaTeX Info: Redefining \dots on input line 382.
LaTeX Info: Redefining \cdots on input line 467.
\Mathstrutbox@=\box26
\strutbox@=\box27
\big@size=\dimen105
LaTeX Font Info:    Redeclaring font encoding OML on input line 567.
LaTeX Font Info:    Redeclaring font encoding OMS on input line 568.
\macc@depth=\count92
\c@MaxMatrixCols=\count93
\dotsspace@=\muskip10
\c@parentequation=\count94
\dspbrk@lvl=\count95
\tag@help=\toks22
\row@=\count96
\column@=\count97
\maxfields@=\count98
\andhelp@=\toks23
\eqnshift@=\dimen106
\alignsep@=\dimen107
\tagshift@=\dimen108
\tagwidth@=\dimen109
\totwidth@=\dimen110
\lineht@=\dimen111
\@envbody=\toks24
\multlinegap=\skip47
\multlinetaggap=\skip48
\mathdisplay@stack=\toks25
LaTeX Info: Redefining \[ on input line 2666.
LaTeX Info: Redefining \] on input line 2667.
)
\symbold=\mathgroup6
LaTeX Font Info:    Redeclaring math alphabet \mathbf on input line 53.
LaTeX Font Info:    Overwriting math alphabet `\mathbf' in version `normal'
(Font)                  OT1/cmr/bx/n --> OT1/ptm/b/n on input line 53.
LaTeX Font Info:    Overwriting math alphabet `\mathbf' in version `bold'
(Font)                  OT1/cmr/bx/n --> OT1/ptm/b/n on input line 53.
LaTeX Font Info:    Redeclaring math alphabet \mathrm on input line 54.
LaTeX Font Info:    Overwriting symbol font `operators' in version `normal'
(Font)                  OT1/cmr/m/n --> OT1/ptm/m/n on input line 66.
LaTeX Font Info:    Overwriting symbol font `operators' in version `bold'
(Font)                  OT1/cmr/bx/n --> OT1/ptm/b/n on input line 67.
\symemsy=\mathgroup7
\symemsr=\mathgroup8
\symemcmr=\mathgroup9
\symemsymb=\mathgroup10
LaTeX Font Info:    Redeclaring math symbol \bullet on input line 126.
LaTeX Font Info:    Redeclaring math symbol \Gamma on input line 132.
LaTeX Font Info:    Redeclaring math symbol \Delta on input line 133.
LaTeX Font Info:    Redeclaring math symbol \Theta on input line 134.
LaTeX Font Info:    Redeclaring math symbol \Lambda on input line 135.
LaTeX Font Info:    Redeclaring math symbol \Xi on input line 136.
LaTeX Font Info:    Redeclaring math symbol \Pi on input line 137.
LaTeX Font Info:    Redeclaring math symbol \Sigma on input line 138.
LaTeX Font Info:    Redeclaring math symbol \Upsilon on input line 139.
LaTeX Font Info:    Redeclaring math symbol \Phi on input line 140.
LaTeX Font Info:    Redeclaring math symbol \Psi on input line 141.
LaTeX Font Info:    Redeclaring math symbol \Omega on input line 142.
LaTeX Font Info:    Redeclaring math accent \dot on input line 161.

(/usr/share/texmf/tex/latex/hyperref/hyperref.sty
Package: hyperref 2007/02/07 v6.75r Hypertext links for LaTeX

(/usr/share/texmf/tex/latex/graphics/keyval.sty
Package: keyval 1999/03/16 v1.13 key=value parser (DPC)
\KV@toks@=\toks26
)
\@linkdim=\dimen112
\Hy@linkcounter=\count99
\Hy@pagecounter=\count100

(/usr/share/texmf/tex/latex/hyperref/pd1enc.def
File: pd1enc.def 2007/02/07 v6.75r Hyperref: PDFDocEncoding definition (HO)
)
(/usr/share/texmf/tex/latex/config/hyperref.cfg
File: hyperref.cfg 2002/06/06 v1.2 hyperref configuration of TeXLive
)
(/usr/share/texmf/tex/latex/oberdiek/kvoptions.sty
Package: kvoptions 2006/08/22 v2.4 Connects package keyval with LaTeX options (
HO)
)
Package hyperref Info: Hyper figures OFF on input line 2288.
Package hyperref Info: Link nesting OFF on input line 2293.
Package hyperref Info: Hyper index ON on input line 2296.
Package hyperref Info: Plain pages OFF on input line 2303.
Package hyperref Info: Backreferencing OFF on input line 2308.

Implicit mode ON; LaTeX internals redefined
Package hyperref Info: Bookmarks ON on input line 2444.
(/usr/share/texmf/tex/latex/ltxmisc/url.sty
\Urlmuskip=\muskip11
Package: url 2005/06/27  ver 3.2  Verb mode for urls, etc.
)
LaTeX Info: Redefining \url on input line 2599.
\Fld@menulength=\count101
\Field@Width=\dimen113
\Fld@charsize=\dimen114
\Choice@toks=\toks27
\Field@toks=\toks28
Package hyperref Info: Hyper figures OFF on input line 3102.
Package hyperref Info: Link nesting OFF on input line 3107.
Package hyperref Info: Hyper index ON on input line 3110.
Package hyperref Info: backreferencing OFF on input line 3117.
Package hyperref Info: Link coloring OFF on input line 3122.
\Hy@abspage=\count102
\c@Item=\count103
\c@Hfootnote=\count104
)
*hyperref using default driver hpdftex*
(/usr/share/texmf/tex/latex/hyperref/hpdftex.def
File: hpdftex.def 2007/02/07 v6.75r Hyperref driver for pdfTeX
\Fld@listcount=\count105
)
Package hyperref Info: Option `bookmarksnumbered' set `true' on input line 203.



Package hyperref Warning: Option `bookmarks' has already been used,
(hyperref)                setting the option has no effect on input line 203.

Package hyperref Info: Option `colorlinks' set `true' on input line 203.
Package hyperref Info: Option `pdfnewwindow' set `true' on input line 203.
\stdskip=\skip49
) (/usr/share/texmf/tex/latex/stmaryrd/stmaryrd.sty
Package: stmaryrd 1994/03/03 St Mary's Road symbol package
\symstmry=\mathgroup11
LaTeX Font Info:    Overwriting symbol font `stmry' in version `bold'
(Font)                  U/stmry/m/n --> U/stmry/b/n on input line 89.
)
(/usr/share/texmf/tex/generic/xypic/xy.sty
(/usr/share/texmf/tex/generic/xypic/xy.tex Bootstrap'ing: catcodes, docmode,
(/usr/share/texmf/tex/generic/xypic/xyrecat.tex)
(/usr/share/texmf/tex/generic/xypic/xyidioms.tex)

 Xy-pic version 3.7 <1999/02/16>
 Copyright (c) 1991-1998 by Kristoffer H. Rose <krisrose@ens-lyon.fr>
 Xy-pic is free software: see the User's Guide for details.

Loading kernel: messages; fonts; allocations: state,
\X@c=\dimen115
\Y@c=\dimen116
\U@c=\dimen117
\D@c=\dimen118
\L@c=\dimen119
\R@c=\dimen120
\Edge@c=\toks29
\X@p=\dimen121
\Y@p=\dimen122
\U@p=\dimen123
\D@p=\dimen124
\L@p=\dimen125
\R@p=\dimen126
\Edge@p=\toks30
\X@origin=\dimen127
\Y@origin=\dimen128
\X@xbase=\dimen129
\Y@xbase=\dimen130
\X@ybase=\dimen131
\Y@ybase=\dimen132
\X@min=\dimen133
\Y@min=\dimen134
\X@max=\dimen135
\Y@max=\dimen136
\lastobjectbox@=\box28
\zerodotbox@=\box29
\almostz@=\dimen137
 direction,
\d@X=\dimen138
\d@Y=\dimen139
\K@=\count106
\KK@=\count107
\Direction=\count108
\K@dXdY=\dimen140
\K@dYdX=\dimen141
\xyread@=\read1
\xywrite@=\write3
\csp@=\count109
\quotPTK@=\dimen142

utility macros; pictures: \xy, positions,
\swaptoks@@=\toks31
\connectobjectbox@@=\box30
 objects,
\styletoks@=\toks32
 decorations;
kernel objects: directionals, circles, text; options; algorithms: directions,
edges, connections;  Xy-pic loaded)
Package: xy 1999/02/16 Xy-pic version 3.7

(/usr/share/texmf/tex/generic/xypic/xyall.tex
 Xy-pic option: All features v.3.3
(/usr/share/texmf/tex/generic/xypic/xycurve.tex
 Xy-pic option: Curve and Spline extension v.3.7 curve,
\crv@cnt@=\count110
\crvpts@=\toks33
\splinebox@=\box31
\splineval@=\dimen143
\splinedepth@=\dimen144
\splinetol@=\dimen145
\splinelength@=\dimen146
 circles,
\L@=\dimen147
 loaded)
(/usr/share/texmf/tex/generic/xypic/xyframe.tex
 Xy-pic option: Frame and Bracket extension v.3.7 loaded)
(/usr/share/texmf/tex/generic/xypic/xycmtip.tex
 Xy-pic option: Computer Modern tip extension v.3.3
(/usr/share/texmf/tex/generic/xypic/xytips.tex
 Xy-pic option: More Tips extension v.3.3 loaded) loaded)
(/usr/share/texmf/tex/generic/xypic/xyline.tex
 Xy-pic option: Line styles extension v.3.6
\xylinethick@=\dimen148
 loaded)
(/usr/share/texmf/tex/generic/xypic/xyrotate.tex
 Xy-pic option: Rotate and Scale extension v.3.3 loaded)
(/usr/share/texmf/tex/generic/xypic/xycolor.tex
 Xy-pic option: Colour extension v.3.3 loaded)
(/usr/share/texmf/tex/generic/xypic/xymatrix.tex
 Xy-pic option: Matrix feature v.3.4
\Row=\count111
\Col=\count112
\queue@=\toks34
\queue@@=\toks35
\qcount@=\count113
\qcount@@=\count114
\matrixsize@=\count115
 loaded)
(/usr/share/texmf/tex/generic/xypic/xyarrow.tex
 Xy-pic option: Arrow and Path feature v.3.5 path, \ar, loaded)
(/usr/share/texmf/tex/generic/xypic/xygraph.tex
 Xy-pic option: Graph feature v.3.7 loaded) loaded))
(/usr/share/texmf/tex/latex/xcolor/xcolor.sty
Package: xcolor 2007/01/21 v2.11 LaTeX color extensions (UK)

(/usr/share/texmf/tex/latex/config/color.cfg
File: color.cfg 2007/01/18 v1.5 color configuration of teTeX/TeXLive
)
Package xcolor Info: Package option `usenames' ignored on input line 216.
Package xcolor Info: Driver file: pdftex.def on input line 225.

(/usr/share/texmf/tex/latex/pdftex-def/pdftex.def
File: pdftex.def 2007/01/08 v0.04d Graphics/color for pdfTeX
\Gread@gobject=\count116
)
Package xcolor Info: Model `cmy' substituted by `cmy0' on input line 1337.
Package xcolor Info: Model `hsb' substituted by `rgb' on input line 1341.
Package xcolor Info: Model `RGB' extended on input line 1353.
Package xcolor Info: Model `HTML' substituted by `rgb' on input line 1355.
Package xcolor Info: Model `Hsb' substituted by `hsb' on input line 1356.
Package xcolor Info: Model `tHsb' substituted by `hsb' on input line 1357.
Package xcolor Info: Model `HSB' substituted by `hsb' on input line 1358.
Package xcolor Info: Model `Gray' substituted by `gray' on input line 1359.
Package xcolor Info: Model `wave' substituted by `hsb' on input line 1360.

(/usr/share/texmf/tex/latex/graphics/dvipsnam.def
File: dvipsnam.def 1999/02/16 v3.0i Driver-dependant file (DPC,SPQR)
))
(/rhome/zyf/texmf/tex/latex/pgf/frontendlayer/tikz.sty
(/rhome/zyf/texmf/tex/latex/pgf/basiclayer/pgf.sty
(/rhome/zyf/texmf/tex/latex/pgf/utilities/pgfrcs.sty
(/rhome/zyf/texmf/tex/generic/pgf/utilities/pgfutil-common.tex
\pgfutil@everybye=\toks36
)
(/rhome/zyf/texmf/tex/generic/pgf/utilities/pgfutil-latex.def
\pgfutil@abb=\box32

(/usr/share/texmf/tex/latex/everyshi/everyshi.sty
Package: everyshi 2001/05/15 v3.00 EveryShipout Package (MS)
))
(/rhome/zyf/texmf/tex/generic/pgf/utilities/pgfrcs.code.tex
Package: pgfrcs 2010/10/25 v2.10 (rcs-revision 1.24)
))
Package: pgf 2008/01/15 v2.10 (rcs-revision 1.12)

(/rhome/zyf/texmf/tex/latex/pgf/basiclayer/pgfcore.sty
(/usr/share/texmf/tex/latex/graphics/graphicx.sty
Package: graphicx 1999/02/16 v1.0f Enhanced LaTeX Graphics (DPC,SPQR)

(/usr/share/texmf/tex/latex/graphics/graphics.sty
Package: graphics 2006/02/20 v1.0o Standard LaTeX Graphics (DPC,SPQR)

(/usr/share/texmf/tex/latex/graphics/trig.sty
Package: trig 1999/03/16 v1.09 sin cos tan (DPC)
)
(/usr/share/texmf/tex/latex/config/graphics.cfg
File: graphics.cfg 2007/01/18 v1.5 graphics configuration of teTeX/TeXLive
)
Package graphics Info: Driver file: pdftex.def on input line 90.
)
\Gin@req@height=\dimen149
\Gin@req@width=\dimen150
)
(/rhome/zyf/texmf/tex/latex/pgf/systemlayer/pgfsys.sty
(/rhome/zyf/texmf/tex/generic/pgf/systemlayer/pgfsys.code.tex
Package: pgfsys 2010/06/30 v2.10 (rcs-revision 1.37)

(/rhome/zyf/texmf/tex/generic/pgf/utilities/pgfkeys.code.tex
\pgfkeys@pathtoks=\toks37
\pgfkeys@temptoks=\toks38

(/rhome/zyf/texmf/tex/generic/pgf/utilities/pgfkeysfiltered.code.tex
\pgfkeys@tmptoks=\toks39
))
\pgf@x=\dimen151
\pgf@y=\dimen152
\pgf@xa=\dimen153
\pgf@ya=\dimen154
\pgf@xb=\dimen155
\pgf@yb=\dimen156
\pgf@xc=\dimen157
\pgf@yc=\dimen158
\w@pgf@writea=\write4
\r@pgf@reada=\read2
\c@pgf@counta=\count117
\c@pgf@countb=\count118
\c@pgf@countc=\count119
\c@pgf@countd=\count120

(/rhome/zyf/texmf/tex/generic/pgf/systemlayer/pgf.cfg
File: pgf.cfg 2008/05/14  (rcs-revision 1.7)
)
Package pgfsys Info: Driver file for pgf: pgfsys-pdftex.def on input line 900.

(/rhome/zyf/texmf/tex/generic/pgf/systemlayer/pgfsys-pdftex.def
File: pgfsys-pdftex.def 2009/05/22  (rcs-revision 1.26)

(/rhome/zyf/texmf/tex/generic/pgf/systemlayer/pgfsys-common-pdf.def
File: pgfsys-common-pdf.def 2008/05/19  (rcs-revision 1.10)
)))
(/rhome/zyf/texmf/tex/generic/pgf/systemlayer/pgfsyssoftpath.code.tex
File: pgfsyssoftpath.code.tex 2008/07/18  (rcs-revision 1.7)
\pgfsyssoftpath@smallbuffer@items=\count121
\pgfsyssoftpath@bigbuffer@items=\count122
)
(/rhome/zyf/texmf/tex/generic/pgf/systemlayer/pgfsysprotocol.code.tex
File: pgfsysprotocol.code.tex 2006/10/16  (rcs-revision 1.4)
))
(/rhome/zyf/texmf/tex/generic/pgf/basiclayer/pgfcore.code.tex
Package: pgfcore 2010/04/11 v2.10 (rcs-revision 1.7)

(/rhome/zyf/texmf/tex/generic/pgf/math/pgfmath.code.tex
(/rhome/zyf/texmf/tex/generic/pgf/math/pgfmathcalc.code.tex
(/rhome/zyf/texmf/tex/generic/pgf/math/pgfmathutil.code.tex)
(/rhome/zyf/texmf/tex/generic/pgf/math/pgfmathparser.code.tex
\pgfmath@dimen=\dimen159
\pgfmath@count=\count123
\pgfmath@box=\box33
\pgfmath@toks=\toks40
\pgfmath@stack@operand=\toks41
\pgfmath@stack@operation=\toks42
)
(/rhome/zyf/texmf/tex/generic/pgf/math/pgfmathfunctions.code.tex
(/rhome/zyf/texmf/tex/generic/pgf/math/pgfmathfunctions.basic.code.tex)
(/rhome/zyf/texmf/tex/generic/pgf/math/pgfmathfunctions.trigonometric.code.tex)
(/rhome/zyf/texmf/tex/generic/pgf/math/pgfmathfunctions.random.code.tex)
(/rhome/zyf/texmf/tex/generic/pgf/math/pgfmathfunctions.comparison.code.tex)
(/rhome/zyf/texmf/tex/generic/pgf/math/pgfmathfunctions.base.code.tex)
(/rhome/zyf/texmf/tex/generic/pgf/math/pgfmathfunctions.round.code.tex)
(/rhome/zyf/texmf/tex/generic/pgf/math/pgfmathfunctions.misc.code.tex)))
(/rhome/zyf/texmf/tex/generic/pgf/math/pgfmathfloat.code.tex
\c@pgfmathroundto@lastzeros=\count124
))
(/rhome/zyf/texmf/tex/generic/pgf/basiclayer/pgfcorepoints.code.tex
File: pgfcorepoints.code.tex 2010/04/09  (rcs-revision 1.20)
\pgf@picminx=\dimen160
\pgf@picmaxx=\dimen161
\pgf@picminy=\dimen162
\pgf@picmaxy=\dimen163
\pgf@pathminx=\dimen164
\pgf@pathmaxx=\dimen165
\pgf@pathminy=\dimen166
\pgf@pathmaxy=\dimen167
\pgf@xx=\dimen168
\pgf@xy=\dimen169
\pgf@yx=\dimen170
\pgf@yy=\dimen171
\pgf@zx=\dimen172
\pgf@zy=\dimen173
)
(/rhome/zyf/texmf/tex/generic/pgf/basiclayer/pgfcorepathconstruct.code.tex
File: pgfcorepathconstruct.code.tex 2010/08/03  (rcs-revision 1.24)
\pgf@path@lastx=\dimen174
\pgf@path@lasty=\dimen175
)
(/rhome/zyf/texmf/tex/generic/pgf/basiclayer/pgfcorepathusage.code.tex
File: pgfcorepathusage.code.tex 2008/04/22  (rcs-revision 1.12)
\pgf@shorten@end@additional=\dimen176
\pgf@shorten@start@additional=\dimen177
)
(/rhome/zyf/texmf/tex/generic/pgf/basiclayer/pgfcorescopes.code.tex
File: pgfcorescopes.code.tex 2010/09/08  (rcs-revision 1.34)
\pgfpic=\box34
\pgf@hbox=\box35
\pgf@layerbox@main=\box36
\pgf@picture@serial@count=\count125
)
(/rhome/zyf/texmf/tex/generic/pgf/basiclayer/pgfcoregraphicstate.code.tex
File: pgfcoregraphicstate.code.tex 2008/04/22  (rcs-revision 1.9)
\pgflinewidth=\dimen178
)
(/rhome/zyf/texmf/tex/generic/pgf/basiclayer/pgfcoretransformations.code.tex
File: pgfcoretransformations.code.tex 2009/06/10  (rcs-revision 1.11)
\pgf@pt@x=\dimen179
\pgf@pt@y=\dimen180
\pgf@pt@temp=\dimen181
)
(/rhome/zyf/texmf/tex/generic/pgf/basiclayer/pgfcorequick.code.tex
File: pgfcorequick.code.tex 2008/10/09  (rcs-revision 1.3)
)
(/rhome/zyf/texmf/tex/generic/pgf/basiclayer/pgfcoreobjects.code.tex
File: pgfcoreobjects.code.tex 2006/10/11  (rcs-revision 1.2)
)
(/rhome/zyf/texmf/tex/generic/pgf/basiclayer/pgfcorepathprocessing.code.tex
File: pgfcorepathprocessing.code.tex 2008/10/09  (rcs-revision 1.8)
)
(/rhome/zyf/texmf/tex/generic/pgf/basiclayer/pgfcorearrows.code.tex
File: pgfcorearrows.code.tex 2008/04/23  (rcs-revision 1.11)
)
(/rhome/zyf/texmf/tex/generic/pgf/basiclayer/pgfcoreshade.code.tex
File: pgfcoreshade.code.tex 2008/11/23  (rcs-revision 1.13)
\pgf@max=\dimen182
\pgf@sys@shading@range@num=\count126
)
(/rhome/zyf/texmf/tex/generic/pgf/basiclayer/pgfcoreimage.code.tex
File: pgfcoreimage.code.tex 2010/03/25  (rcs-revision 1.16)

(/rhome/zyf/texmf/tex/generic/pgf/basiclayer/pgfcoreexternal.code.tex
File: pgfcoreexternal.code.tex 2010/09/01  (rcs-revision 1.17)
\pgfexternal@startupbox=\box37
))
(/rhome/zyf/texmf/tex/generic/pgf/basiclayer/pgfcorelayers.code.tex
File: pgfcorelayers.code.tex 2010/08/27  (rcs-revision 1.2)
)
(/rhome/zyf/texmf/tex/generic/pgf/basiclayer/pgfcoretransparency.code.tex
File: pgfcoretransparency.code.tex 2008/01/17  (rcs-revision 1.2)
)
(/rhome/zyf/texmf/tex/generic/pgf/basiclayer/pgfcorepatterns.code.tex
File: pgfcorepatterns.code.tex 2009/07/02  (rcs-revision 1.3)
)))
(/rhome/zyf/texmf/tex/generic/pgf/modules/pgfmoduleshapes.code.tex
File: pgfmoduleshapes.code.tex 2010/09/09  (rcs-revision 1.13)
\pgfnodeparttextbox=\box38
)
(/rhome/zyf/texmf/tex/generic/pgf/modules/pgfmoduleplot.code.tex
File: pgfmoduleplot.code.tex 2010/10/22  (rcs-revision 1.8)
)
(/rhome/zyf/texmf/tex/latex/pgf/compatibility/pgfcomp-version-0-65.sty
Package: pgfcomp-version-0-65 2007/07/03 v2.10 (rcs-revision 1.7)
\pgf@nodesepstart=\dimen183
\pgf@nodesepend=\dimen184
)
(/rhome/zyf/texmf/tex/latex/pgf/compatibility/pgfcomp-version-1-18.sty
Package: pgfcomp-version-1-18 2007/07/23 v2.10 (rcs-revision 1.1)
))
(/rhome/zyf/texmf/tex/latex/pgf/utilities/pgffor.sty
(/rhome/zyf/texmf/tex/latex/pgf/utilities/pgfkeys.sty
(/rhome/zyf/texmf/tex/generic/pgf/utilities/pgfkeys.code.tex))
(/rhome/zyf/texmf/tex/generic/pgf/utilities/pgffor.code.tex
Package: pgffor 2010/03/23 v2.10 (rcs-revision 1.18)
\pgffor@iter=\dimen185
\pgffor@skip=\dimen186
\pgffor@stack=\toks43
\pgffor@toks=\toks44
))
(/rhome/zyf/texmf/tex/generic/pgf/frontendlayer/tikz/tikz.code.tex
Package: tikz 2010/10/13 v2.10 (rcs-revision 1.76)

(/rhome/zyf/texmf/tex/generic/pgf/libraries/pgflibraryplothandlers.code.tex
File: pgflibraryplothandlers.code.tex 2010/05/31 v2.10 (rcs-revision 1.15)
\pgf@plot@mark@count=\count127
\pgfplotmarksize=\dimen187
)
\tikz@lastx=\dimen188
\tikz@lasty=\dimen189
\tikz@lastxsaved=\dimen190
\tikz@lastysaved=\dimen191
\tikzleveldistance=\dimen192
\tikzsiblingdistance=\dimen193
\tikz@figbox=\box39
\tikz@tempbox=\box40
\tikztreelevel=\count128
\tikznumberofchildren=\count129
\tikznumberofcurrentchild=\count130
\tikz@fig@count=\count131

(/rhome/zyf/texmf/tex/generic/pgf/modules/pgfmodulematrix.code.tex
File: pgfmodulematrix.code.tex 2010/08/24  (rcs-revision 1.4)
\pgfmatrixcurrentrow=\count132
\pgfmatrixcurrentcolumn=\count133
\pgf@matrix@numberofcolumns=\count134
)
\tikz@expandcount=\count135

(/rhome/zyf/texmf/tex/generic/pgf/frontendlayer/tikz/libraries/tikzlibrarytopat
hs.code.tex
File: tikzlibrarytopaths.code.tex 2008/06/17 v2.10 (rcs-revision 1.2)
))) (/usr/share/texmf/tex/latex/tools/enumerate.sty
Package: enumerate 1999/03/05 v3.00 enumerate extensions (DPC)
\@enLab=\toks45
)
(/rhome/zyf/texmf/inputs/tensor.sty
Package: tensor 2004/12/20 v2.1 tensor indices package (PGR)
\tnsr@Sps=\toks46
\tnsr@Sbs=\toks47
\tnsr@Spe=\toks48
\tnsr@Sbe=\toks49
\ncld@Mno=\toks50
)
(/usr/share/texmf/tex/latex/jknapltx/mathrsfs.sty
Package: mathrsfs 1996/01/01 Math RSFS package v1.0 (jk)
\symrsfs=\mathgroup12
)
(/rhome/zyf/texmf/inputs/mathtools.sty
Package: mathtools 2011/04/06 v1.11 mathematical typesetting tools

(/usr/share/texmf/tex/latex/tools/calc.sty
Package: calc 2005/08/06 v4.2 Infix arithmetic (KKT,FJ)
\calc@Acount=\count136
\calc@Bcount=\count137
\calc@Adimen=\dimen194
\calc@Bdimen=\dimen195
\calc@Askip=\skip50
\calc@Bskip=\skip51
LaTeX Info: Redefining \setlength on input line 75.
LaTeX Info: Redefining \addtolength on input line 76.
\calc@Ccount=\count138
\calc@Cskip=\skip52
)
(/rhome/zyf/texmf/inputs/mhsetup.sty
Package: mhsetup 2010/01/21 v1.2a programming setup (MH)
)
\g_MT_multlinerow_int=\count139
\l_MT_multwidth_dim=\dimen196
\origjot=\skip53
\l_MT_shortvdotswithinadjustabove_dim=\dimen197
\l_MT_shortvdotswithinadjustbelow_dim=\dimen198
)
(/rhome/zyf/texmf/tex/generic/pgf/frontendlayer/tikz/libraries/tikzlibraryarrow
s.code.tex
File: tikzlibraryarrows.code.tex 2008/01/09 v2.10 (rcs-revision 1.1)

(/rhome/zyf/texmf/tex/generic/pgf/libraries/pgflibraryarrows.code.tex
File: pgflibraryarrows.code.tex 2008/10/27 v2.10 (rcs-revision 1.9)
\arrowsize=\dimen199
))
\c@thm=\count140

(./ec.aux)
\openout1 = `ec.aux'.

LaTeX Font Info:    Checking defaults for OML/cmm/m/it on input line 204.
LaTeX Font Info:    ... okay on input line 204.
LaTeX Font Info:    Checking defaults for T1/cmr/m/n on input line 204.
LaTeX Font Info:    ... okay on input line 204.
LaTeX Font Info:    Checking defaults for OT1/cmr/m/n on input line 204.
LaTeX Font Info:    ... okay on input line 204.
LaTeX Font Info:    Checking defaults for OMS/cmsy/m/n on input line 204.
LaTeX Font Info:    ... okay on input line 204.
LaTeX Font Info:    Checking defaults for OMX/cmex/m/n on input line 204.
LaTeX Font Info:    ... okay on input line 204.
LaTeX Font Info:    Checking defaults for U/cmr/m/n on input line 204.
LaTeX Font Info:    ... okay on input line 204.
LaTeX Font Info:    Checking defaults for PD1/pdf/m/n on input line 204.
LaTeX Font Info:    ... okay on input line 204.
Package hyperref Info: Link coloring ON on input line 204.
 (/usr/share/texmf/tex/latex/hyperref/nameref.sty
Package: nameref 2006/12/27 v2.28 Cross-referencing by name of section

(/usr/share/texmf/tex/latex/oberdiek/refcount.sty
Package: refcount 2006/02/20 v3.0 Data extraction from references (HO)
)
\c@section@level=\count141
)
LaTeX Info: Redefining \ref on input line 204.
LaTeX Info: Redefining \pageref on input line 204.
 (./ec.out) (./ec.out)
\@outlinefile=\write5
\openout5 = `ec.out'.


ABD: EveryShipout initializing macros
LaTeX Font Info:    Font shape `OT1/ptm/bx/n' in size <10.95> not available
(Font)              Font shape `OT1/ptm/b/n' tried instead on input line 205.


LaTeX Font Warning: Font shape `OMS/ptm/m/n' in size <10.95> not available
(Font)              size <10> substituted on input line 208.

LaTeX Font Info:    Try loading font information for U+msa on input line 211.
(/usr/share/texmf/tex/latex/amsfonts/umsa.fd
File: umsa.fd 2002/01/19 v2.2g AMS font definitions
)
LaTeX Font Info:    Try loading font information for U+msb on input line 211.

(/usr/share/texmf/tex/latex/amsfonts/umsb.fd
File: umsb.fd 2002/01/19 v2.2g AMS font definitions
)
LaTeX Font Info:    Font shape `OT1/psy/m/n' will be
(Font)              scaled to size 9.85492pt on input line 211.
LaTeX Font Info:    Font shape `OT1/psy/m/n' will be
(Font)              scaled to size 7.19995pt on input line 211.
LaTeX Font Info:    Font shape `OT1/psy/m/n' will be
(Font)              scaled to size 5.39996pt on input line 211.
LaTeX Font Info:    Try loading font information for U+stmry on input line 211.


(/usr/share/texmf/tex/latex/stmaryrd/Ustmry.fd)
LaTeX Font Info:    Try loading font information for U+rsfs on input line 211.

(/usr/share/texmf/tex/latex/jknapltx/ursfs.fd
File: ursfs.fd 1998/03/24 rsfs font definition file (jk)
)
LaTeX Font Info:    Try loading font information for U+euf on input line 240.

(/usr/share/texmf/tex/latex/amsfonts/ueuf.fd
File: ueuf.fd 2002/01/19 v2.2g AMS font definitions
)
LaTeX Font Info:    Font shape `OT1/psy/m/n' will be
(Font)              scaled to size 8.09995pt on input line 247.
LaTeX Font Info:    Font shape `OT1/psy/m/n' will be
(Font)              scaled to size 4.49997pt on input line 247.
LaTeX Font Info:    Font shape `OT1/psy/m/n' will be
(Font)              scaled to size 8.99994pt on input line 247.
LaTeX Font Info:    Font shape `OT1/psy/m/n' will be
(Font)              scaled to size 6.29996pt on input line 247.

Underfull \hbox (badness 10000) has occurred while \output is active
[]
 []

[1

{/var/lib/texmf/fonts/map/pdftex/updmap/pdftex.map}]
LaTeX Font Info:    Font shape `OT1/ptm/bx/n' in size <14.4> not available
(Font)              Font shape `OT1/ptm/b/n' tried instead on input line 275.
LaTeX Font Info:    Font shape `OT1/ptm/bx/n' in size <12> not available
(Font)              Font shape `OT1/ptm/b/n' tried instead on input line 276.

Underfull \hbox (badness 10000) in paragraph at lines 304--308

 []

LaTeX Font Info:    Font shape `OT1/ptm/bx/n' in size <10> not available
(Font)              Font shape `OT1/ptm/b/n' tried instead on input line 328.
[2] [3]
Underfull \hbox (badness 10000) in paragraph at lines 339--344

 []


Underfull \hbox (badness 10000) in paragraph at lines 370--371

 []

[4] [5] [6]
Underfull \hbox (badness 10000) in paragraph at lines 477--478

 []


Underfull \hbox (badness 10000) in paragraph at lines 484--485

 []

[7] [8]
Underfull \hbox (badness 10000) in paragraph at lines 553--555

 []


Underfull \vbox (badness 7869) has occurred while \output is active []

 [9]
[10] [11]
Underfull \hbox (badness 10000) in paragraph at lines 650--654

 []


Underfull \hbox (badness 10000) in paragraph at lines 673--674

 []


Overfull \hbox (1.6374pt too wide) in paragraph at lines 685--686
[]\OT1/cmtt/m/n/10.95 Now that we have formulas expressing 3-torsion points (in
 a reasonable fashion), I
 []


Overfull \hbox (7.3861pt too wide) in paragraph at lines 685--686
\OT1/cmtt/m/n/10.95 guess maybe I should have a second look at V^^Selu's paper.
 (I was mainly translating
 []


Overfull \hbox (18.88347pt too wide) in paragraph at lines 685--686
\OT1/cmtt/m/n/10.95 literally, without thinking over the ideas and the possibil
ity of generalizing to the
 []


Overfull \hbox (1.6374pt too wide) in paragraph at lines 685--686
\OT1/cmtt/m/n/10.95 uv-coordinates and to allowing parameters in the equation /
 the coordinates of the
 []

[12]
LaTeX Font Info:    Font shape `OT1/psy/m/n' will be
(Font)              scaled to size 10.79993pt on input line 698.


Package hyperref Warning: Token not allowed in a PDFDocEncoded string,
(hyperref)                removing `math shift' on input line 698.


Package hyperref Warning: Token not allowed in a PDFDocEncoded string,
(hyperref)                removing `math shift' on input line 698.


Underfull \hbox (badness 10000) in paragraph at lines 720--721

 []


Underfull \vbox (badness 3179) has occurred while \output is active []

 [13]
Underfull \hbox (badness 10000) in paragraph at lines 768--770

 []


Underfull \hbox (badness 10000) in paragraph at lines 794--795

 []

[14] [15]
LaTeX Font Info:    Font shape `OT1/psy/m/n' will be
(Font)              scaled to size 12.9599pt on input line 873.


Package hyperref Warning: Token not allowed in a PDFDocEncoded string,
(hyperref)                removing `math shift' on input line 873.


Package hyperref Warning: Token not allowed in a PDFDocEncoded string,
(hyperref)                removing `math shift' on input line 873.

[16]
Underfull \hbox (badness 10000) in paragraph at lines 959--960

 []

[17]

Package hyperref Warning: Token not allowed in a PDFDocEncoded string,
(hyperref)                removing `math shift' on input line 963.


Package hyperref Warning: Token not allowed in a PDFDocEncoded string,
(hyperref)                removing `math shift' on input line 963.

[18] [19]

Package hyperref Warning: Token not allowed in a PDFDocEncoded string,
(hyperref)                removing `math shift' on input line 1049.


Package hyperref Warning: Token not allowed in a PDFDocEncoded string,
(hyperref)                removing `math shift' on input line 1049.

[20]
Overfull \hbox (52.75867pt too wide) in paragraph at lines 1157--1157
[] 
 []


Overfull \hbox (52.75867pt too wide) in alignment at lines 1156--1157
[] [] 
 []

[21] [22]
Underfull \hbox (badness 10000) in paragraph at lines 1239--1240

 []

[23] [24]
Overfull \hbox (53.5352pt too wide) detected at line 1397
[][][]
 []

[25]
Underfull \hbox (badness 10000) in paragraph at lines 1433--1437

 []

[26]
Overfull \hbox (2.89983pt too wide) in paragraph at lines 1476--1476
[] 
 []


Overfull \hbox (2.89983pt too wide) in alignment at lines 1475--1476
[] [] 
 []


Underfull \hbox (badness 10000) in paragraph at lines 1496--1497

 []

[27] [28] [29]
Underfull \vbox (badness 10000) has occurred while \output is active []

 [30]
Overfull \hbox (48.57513pt too wide) in paragraph at lines 1659--1668
 [] 
 []


Overfull \hbox (13.86356pt too wide) in paragraph at lines 1708--1708
[] 
 []


Overfull \hbox (13.86356pt too wide) in alignment at lines 1707--1708
[] [] 
 []


Underfull \vbox (badness 3009) has occurred while \output is active []

 [31]
[32]
Overfull \hbox (57.35121pt too wide) in paragraph at lines 1774--1774
[] 
 []


Overfull \hbox (57.35121pt too wide) in alignment at lines 1773--1774
[] [] 
 []


Overfull \hbox (71.77235pt too wide) detected at line 1806
 []
 []

[33]
Overfull \hbox (53.62459pt too wide) in paragraph at lines 1834--1834
[] 
 []


Overfull \hbox (53.62459pt too wide) in alignment at lines 1833--1834
[] [] 
 []


Underfull \vbox (badness 10000) has occurred while \output is active []

 [34]
[35]
Overfull \hbox (29.21121pt too wide) in paragraph at lines 1943--1943
[] 
 []


Overfull \hbox (29.21121pt too wide) in alignment at lines 1942--1943
[] [] 
 []


Overfull \hbox (15.94624pt too wide) in paragraph at lines 1961--1961
[] 
 []


Overfull \hbox (15.94624pt too wide) in alignment at lines 1960--1961
[] [] 
 []

[36] <cusps.png, id=488, 760.34062pt x 363.60844pt>
File: cusps.png Graphic file (type png)
 <use cusps.png>
<ssing.png, id=489, 1128.46594pt x 795.72281pt>
File: ssing.png Graphic file (type png)
 <use ssing.png>

Package amsmath Warning: Foreign command \atopwithdelims;
(amsmath)                \frac or \genfrac should be used instead
(amsmath)                 on input line 2000.


Overfull \hbox (9.19492pt too wide) in alignment at lines 2000--2001
[] [] 
 []


Overfull \hbox (28.5pt too wide) detected at line 2001
[]
 []


Underfull \vbox (badness 10000) has occurred while \output is active []

 [37 <./cusps.png (PNG copy)> <./ssing.png (PNG copy)>]
Overfull \vbox (29.45741pt too high) has occurred while \output is active []


[38]

Package amsmath Warning: Cannot use `split' here;
(amsmath)                trying to recover with `aligned' on input line 2015.


Package hyperref Warning: Token not allowed in a PDFDocEncoded string,
(hyperref)                removing `math shift' on input line 2086.


Package hyperref Warning: Token not allowed in a PDFDocEncoded string,
(hyperref)                removing `\phi' on input line 2086.


Package hyperref Warning: Token not allowed in a PDFDocEncoded string,
(hyperref)                removing `subscript' on input line 2086.


Package hyperref Warning: Token not allowed in a PDFDocEncoded string,
(hyperref)                removing `math shift' on input line 2086.


Overfull \hbox (23.71567pt too wide) in paragraph at lines 2110--2110
 [] 
 []

[39] [40] [41]
Underfull \hbox (badness 10000) in paragraph at lines 2217--2219

 []

[42]
Underfull \hbox (badness 10000) in paragraph at lines 2309--2312

 []

[43] [44] [45] [46] [47]
Underfull \hbox (badness 10000) in paragraph at lines 2563--2565

 []


Underfull \hbox (badness 10000) in paragraph at lines 2588--2591

 []

[48] [49]
Underfull \hbox (badness 10000) in paragraph at lines 2634--2634
[][][]\OT1/cmtt/m/n/10 There are all kinds of areas where specific number theor
y formulas appear in
 []


Underfull \hbox (badness 10000) in paragraph at lines 2634--2634
\OT1/cmtt/m/n/10 physics, and these may be clues that the dream will come true 
one day. But to really
 []


Underfull \hbox (badness 10000) in paragraph at lines 2634--2634
\OT1/cmtt/m/n/10 get me excited, somehow the number theory would have to enter 
the physics in a more
 []


Underfull \hbox (badness 10000) in paragraph at lines 2634--2634
\OT1/cmtt/m/n/10 structural way. I'm not that interested in a specific formula 
that comes out of a
 []


Underfull \hbox (badness 10000) in paragraph at lines 2634--2634
\OT1/cmtt/m/n/10 physics calculation in a more or less ad hoc fashion. Number t
heory would have to be
 []


Overfull \hbox (3.60976pt too wide) in paragraph at lines 2645--2646
[]\OT1/cmtt/m/n/10.95 It is notable that this expression from the theory of $\O
T1/ptm/m/it/10.95 L$\OT1/cmtt/m/n/10.95 -functions arises naturally
 []


Overfull \hbox (7.3861pt too wide) in paragraph at lines 2645--2646
\OT1/cmtt/m/n/10.95 from a purely topological construction; it came as a surpri
se to the author, and he
 []


Overfull \hbox (13.13478pt too wide) in paragraph at lines 2645--2646
\OT1/cmtt/m/n/10.95 still has no good explanation for it. It is also significan
t for the application to
 []


Overfull \hbox (41.87822pt too wide) in paragraph at lines 2645--2646
\OT1/cmtt/m/n/10.95 elliptic cohomology; in the presence of an elliptic curve, 
these Hecke operators coincide
 []


Overfull \hbox (17.44112pt too wide) in paragraph at lines 2649--2650
[]\OT1/cmtt/m/n/10.95 The key tool here is Rezk's $\OT1/ptm/m/it/10.95 K\OT1/pt
m/m/n/10.95 (1)$\OT1/cmtt/m/n/10.95 -local logarithm, which permits a $\OT1/ptm
/m/it/10.95 K\OT1/ptm/m/n/10.95 (1)$\OT1/cmtt/m/n/10.95 -local analysis
 []


Overfull \hbox (7.3861pt too wide) in paragraph at lines 2662--2663
[][][]\OT1/cmtt/m/n/10.95 The first paper[][], an early application of the Nilp
otence and Periodicity Theorems of
 []


Overfull \hbox (1.6374pt too wide) in paragraph at lines 2662--2663
\OT1/cmtt/m/n/10.95 Devinatz-Hopkins-Smith, exposed a curious relation between 
the stable and unstable
 []


Overfull \hbox (47.6269pt too wide) in paragraph at lines 2662--2663
\OT1/cmtt/m/n/10.95 constructions, and Bousfield's more refined versions, seem 
to now be called Bousfield-Kuhn
 []


Overfull \hbox (13.13478pt too wide) in paragraph at lines 2662--2663
\OT1/cmtt/m/n/10.95 telescopic functors. Pete made much use of these ideas, and
 the telescopic functors
 []


Overfull \hbox (24.63216pt too wide) in paragraph at lines 2662--2663
\OT1/cmtt/m/n/10.95 underlie Rezk's `logarithmic' cohomology operations, and, i
n the case n = 2, were used
 []


Overfull \hbox (13.13478pt too wide) in paragraph at lines 2662--2663
\OT1/cmtt/m/n/10.95 in an essential way in the first announced proof by Hopkins
 and collaborators of the
 []


Underfull \hbox (badness 10000) in paragraph at lines 2662--2663

 []


Underfull \hbox (badness 10000) in paragraph at lines 2666--2668

 []


Overfull \vbox (1.62003pt too high) has occurred while \output is active []


[50]
Overfull \hbox (13.26414pt too wide) in paragraph at lines 2674--2675
[]\OT1/cmtt/m/n/10.95 The modular variety $\OMS/cmsy/m/n/10.95 M[]$ \OT1/cmtt/m
/n/10.95 is a smooth curve over $\U/msb/m/n/10.95 Z\OT1/ptm/m/n/10.95 [1\OML/cm
m/m/it/10.95 =\OT1/ptm/m/it/10.95 n\OT1/ptm/m/n/10.95 ]$\OT1/cmtt/m/n/10.95 , w
hose ``physical appearance''
 []


Overfull \hbox (9.04308pt too wide) in paragraph at lines 2674--2675
\OT1/cmtt/m/n/10.95 is the same whether we view it over $\U/msb/m/n/10.95 C$ \O
T1/cmtt/m/n/10.95 (where it becomes $\OML/cmm/m/it/10.95 ^^^\OT1/ptm/m/n/10.95 
(\OT1/ptm/m/it/10.95 n\OT1/ptm/m/n/10.95 )$ \OT1/cmtt/m/n/10.95 copies of the q
uotient
 []


Overfull \hbox (16.17233pt too wide) in paragraph at lines 2674--2675
\OT1/cmtt/m/n/10.95 of the upper half plane by the principal congruence subgrou
p $\OT1/cmr/m/n/10.95 ^^@\OT1/ptm/m/n/10.95 (\OT1/ptm/m/it/10.95 n\OT1/ptm/m/n/
10.95 )$ \OT1/cmtt/m/n/10.95 of $[]\OT1/ptm/m/n/10.95 (2\OML/cmm/m/it/10.95 ; \
U/msb/m/n/10.95 Z\OT1/ptm/m/n/10.95 )$\OT1/cmtt/m/n/10.95 ) or over
 []


Overfull \hbox (19.94269pt too wide) in paragraph at lines 2674--2675
\OT1/cmtt/m/n/10.95 the algebraic closure of $\U/msb/m/n/10.95 Z\OML/cmm/m/it/1
0.95 =\OT1/ptm/m/it/10.95 p\U/msb/m/n/10.95 Z$\OT1/cmtt/m/n/10.95 , (by ``reduc
tion modulo $\OT1/ptm/m/it/10.95 p$\OT1/cmtt/m/n/10.95 '') for primes $\OT1/ptm
/m/it/10.95 p$ \OT1/cmtt/m/n/10.95 not dividing
 []


Package hyperref Warning: Token not allowed in a PDFDocEncoded string,
(hyperref)                removing `math shift' on input line 2691.


Package hyperref Warning: Token not allowed in a PDFDocEncoded string,
(hyperref)                removing `math shift' on input line 2691.

[51]
Underfull \vbox (badness 3826) has occurred while \output is active []

 [52]
Overfull \hbox (7.9036pt too wide) in paragraph at lines 2790--2791
[]$\OML/cmm/m/it/10.95 ^^U[] \OT1/cmr/m/n/10.95 = [] \OMS/cmsy/m/n/10.95 ^^Y []
 \OT1/cmr/m/n/10.95 = \OML/cmm/m/it/10.95 ^^[[]\OT1/ptm/m/n/10.95 (3)$ 
 []


Underfull \vbox (badness 5331) has occurred while \output is active []

 [53]
Overfull \hbox (8.61055pt too wide) in paragraph at lines 2829--2830
[]$\OML/cmm/m/it/10.95 ^^U[] \OT1/cmr/m/n/10.95 = \OMS/cmsy/m/n/10.95 ^^@[] ^^Y

 []


Underfull \vbox (badness 10000) has occurred while \output is active []

 [54]
Overfull \hbox (43.38254pt too wide) in paragraph at lines 2879--2881
\OT1/ptm/m/n/10.95 311746176\OT1/ptm/m/it/10.95 a[]b[] \OT1/cmr/m/n/10.95 + \OT
1/ptm/m/n/10.95 703009815\OT1/ptm/m/it/10.95 a[]b[] \OMS/cmsy/m/n/10.95 ^^@ \OT
1/ptm/m/n/10.95 822412000\OT1/ptm/m/it/10.95 a[]b[] \OT1/cmr/m/n/10.95 + \OT1/p
tm/m/n/10.95 391419096\OT1/ptm/m/it/10.95 a[]b[] \OMS/cmsy/m/n/10.95 ^^@ \OT1/p
tm/m/n/10.95 42458496\OT1/ptm/m/it/10.95 a[]b[] \OT1/cmr/m/n/10.95 + \OT1/ptm/m
/n/10.95 78126\OT1/ptm/m/it/10.95 b[]\OT1/ptm/m/n/10.95 )\OML/cmm/m/it/10.95 =\
OT1/ptm/m/n/10.95 78125 \OMS/cmsy/m/n/10.95 ^^Y
 []

[55]
Underfull \hbox (badness 10000) in paragraph at lines 2969--2970

 []


Underfull \hbox (badness 10000) in paragraph at lines 2977--2978

 []

[56]
Underfull \hbox (badness 10000) in paragraph at lines 3002--3003

 []


Underfull \hbox (badness 10000) in paragraph at lines 3004--3005

 []


Underfull \hbox (badness 10000) in paragraph at lines 3014--3016

 []


Underfull \hbox (badness 10000) in paragraph at lines 3044--3045

 []


Underfull \hbox (badness 10000) in paragraph at lines 3046--3047

 []


Underfull \hbox (badness 10000) in paragraph at lines 3048--3049

 []


Underfull \hbox (badness 10000) in paragraph at lines 3050--3051

 []


Underfull \hbox (badness 10000) in paragraph at lines 3052--3054

 []

[57]
Underfull \hbox (badness 10000) in paragraph at lines 3055--3057

 []


Underfull \vbox (badness 10000) has occurred while \output is active []

 [58]
[59]
Underfull \hbox (badness 10000) in paragraph at lines 3210--3211

 []


Underfull \hbox (badness 10000) in paragraph at lines 3214--3215

 []


Underfull \hbox (badness 10000) in paragraph at lines 3220--3241

 []

[60]

Package hyperref Warning: Token not allowed in a PDFDocEncoded string,
(hyperref)                removing `math shift' on input line 3275.


Package hyperref Warning: Token not allowed in a PDFDocEncoded string,
(hyperref)                removing `math shift' on input line 3275.

[61]
Underfull \hbox (badness 10000) in paragraph at lines 3328--3329

 []

[62]
Underfull \hbox (badness 10000) in paragraph at lines 3371--3372

 []


Underfull \hbox (badness 10000) in paragraph at lines 3373--3374

 []


Underfull \hbox (badness 10000) in paragraph at lines 3379--3380

 []


Underfull \hbox (badness 10000) in paragraph at lines 3387--3388

 []


Underfull \hbox (badness 10000) in paragraph at lines 3395--3396

 []

[63]
Underfull \hbox (badness 10000) in paragraph at lines 3411--3412

 []


Underfull \hbox (badness 10000) in paragraph at lines 3413--3414

 []


Overfull \hbox (7.8922pt too wide) in paragraph at lines 3417--3420
[]$[]\OT1/ptm/m/n/10.95 (\OT1/ptm/m/it/10.95 a[]\OT1/ptm/m/n/10.95 ) \OT1/cmr/m
/n/10.95 = \OT1/ptm/m/it/10.95 a[] \OMS/cmsy/m/n/10.95 ^^@ \OT1/ptm/m/n/10.95 1
20\OT1/ptm/m/it/10.95 a[]b \OT1/cmr/m/n/10.95 + \OT1/ptm/m/n/10.95 5928\OT1/ptm
/m/it/10.95 a[]b[] \OMS/cmsy/m/n/10.95 ^^@ \OT1/ptm/m/n/10.95 154912\OT1/ptm/m/
it/10.95 a[]b[] \OT1/cmr/m/n/10.95 + \OT1/ptm/m/n/10.95 2285040\OT1/ptm/m/it/10
.95 a[]b[] \OMS/cmsy/m/n/10.95 ^^@ \OT1/ptm/m/n/10.95 18703872\OT1/ptm/m/it/10.
95 a[]b[] \OT1/cmr/m/n/10.95 + \OT1/ptm/m/n/10.95 76855554\OT1/ptm/m/it/10.95 a
[]b[] \OMS/cmsy/m/n/10.95 ^^@
 []


Underfull \hbox (badness 10000) in paragraph at lines 3417--3420

 []


Underfull \hbox (badness 10000) in paragraph at lines 3423--3424

 []


Underfull \hbox (badness 10000) in paragraph at lines 3431--3432

 []


Underfull \hbox (badness 10000) in paragraph at lines 3437--3438

 []


Underfull \hbox (badness 10000) in paragraph at lines 3452--3454

 []


Underfull \hbox (badness 10000) in paragraph at lines 3472--3474

 []

[64]
Overfull \hbox (1.75404pt too wide) in paragraph at lines 3514--3517
[]$[]\OT1/ptm/m/n/10.95 (\OML/cmm/m/it/10.95 ^^N[]\OT1/ptm/m/n/10.95 ) \OT1/cmr
/m/n/10.95 = \OT1/ptm/m/n/10.95 (\OT1/ptm/m/it/10.95 a[] \OMS/cmsy/m/n/10.95 ^^
@ \OT1/ptm/m/n/10.95 16\OT1/ptm/m/it/10.95 b\OT1/ptm/m/n/10.95 )(\OT1/ptm/m/it/
10.95 a[] \OMS/cmsy/m/n/10.95 ^^@ \OT1/ptm/m/n/10.95 56\OT1/ptm/m/it/10.95 a[]b
 \OT1/cmr/m/n/10.95 + \OT1/ptm/m/n/10.95 1228\OT1/ptm/m/it/10.95 a[]b[] \OMS/cm
sy/m/n/10.95 ^^@ \OT1/ptm/m/n/10.95 13304\OT1/ptm/m/it/10.95 a[]b[] \OT1/cmr/m/
n/10.95 + \OT1/ptm/m/n/10.95 73822\OT1/ptm/m/it/10.95 a[]b[] \OMS/cmsy/m/n/10.9
5 ^^@ \OT1/ptm/m/n/10.95 196496\OT1/ptm/m/it/10.95 a[]b[] \OT1/cmr/m/n/10.95 + 
\OT1/ptm/m/n/10.95 207748\OT1/ptm/m/it/10.95 a[]b[] \OMS/cmsy/m/n/10.95 ^^@
 []


Underfull \hbox (badness 10000) in paragraph at lines 3514--3517

 []


Underfull \hbox (badness 10000) in paragraph at lines 3518--3519

 []


Overfull \hbox (42.62785pt too wide) in paragraph at lines 3522--3529
\OT1/ptm/m/n/10.95 2489392152\OT1/ptm/m/it/10.95 a[]b[] \OMS/cmsy/m/n/10.95 ^^@
 \OT1/ptm/m/n/10.95 24838888608\OT1/ptm/m/it/10.95 a[]b[] \OT1/cmr/m/n/10.95 + 
\OT1/ptm/m/n/10.95 182166373854\OT1/ptm/m/it/10.95 a[]b[] \OMS/cmsy/m/n/10.95 ^
^@ \OT1/ptm/m/n/10.95 971417530656\OT1/ptm/m/it/10.95 a[]b[] \OT1/cmr/m/n/10.95
 + \OT1/ptm/m/n/10.95 3682200368592\OT1/ptm/m/it/10.95 a[]b[] \OMS/cmsy/m/n/10.
95 ^^@
 []


Underfull \hbox (badness 10000) in paragraph at lines 3522--3529

 []


Overfull \hbox (22.77576pt too wide) in paragraph at lines 3554--3554
[] 
 []


Overfull \hbox (22.77576pt too wide) in alignment at lines 3553--3554
[] [] 
 []


Underfull \vbox (badness 2452) has occurred while \output is active []

 [65]
Underfull \hbox (badness 10000) in paragraph at lines 3578--3579

 []


Underfull \hbox (badness 10000) in paragraph at lines 3588--3589

 []

[66]
Underfull \hbox (badness 10000) in paragraph at lines 3600--3602

 []


Underfull \hbox (badness 10000) in paragraph at lines 3603--3604

 []


Underfull \hbox (badness 10000) in paragraph at lines 3607--3608

 []


Underfull \hbox (badness 10000) in paragraph at lines 3609--3610

 []


Underfull \hbox (badness 10000) in paragraph at lines 3619--3620

 []


Underfull \hbox (badness 10000) in paragraph at lines 3624--3625

 []


Underfull \hbox (badness 10000) in paragraph at lines 3626--3627

 []


Underfull \hbox (badness 10000) in paragraph at lines 3630--3631

 []


Underfull \hbox (badness 10000) in paragraph at lines 3632--3633

 []


Underfull \hbox (badness 10000) in paragraph at lines 3640--3641

 []


Underfull \hbox (badness 10000) in paragraph at lines 3642--3643

 []


Overfull \hbox (56.28566pt too wide) in paragraph at lines 3644--3649
\OT1/ptm/m/it/10.95 M\OT1/ptm/m/n/10.95 (\OT1/ptm/m/it/10.95 h\OT1/ptm/m/n/10.9
5 ) \OT1/cmr/m/n/10.95 = \OMS/cmsy/m/n/10.95 ^^@\OT1/ptm/m/n/10.95 1664\OT1/cmr
/m/n/10.95 ^^A\OT1/ptm/m/n/10.95 (353908541056 \OT1/cmr/m/n/10.95 + \OT1/ptm/m/
n/10.95 2147751906328\OT1/cmr/m/n/10.95 ^^A + \OT1/ptm/m/n/10.95 34104647559\OT
1/cmr/m/n/10.95 ^^A[] + \OT1/ptm/m/n/10.95 317808703\OT1/cmr/m/n/10.95 ^^A[] + 
\OT1/ptm/m/n/10.95 382\OT1/cmr/m/n/10.95 ^^A[]\OT1/ptm/m/n/10.95 )\OML/cmm/m/it
/10.95 =\OT1/ptm/m/n/10.95 (308915776 \OT1/cmr/m/n/10.95 +
 []


Underfull \hbox (badness 10000) in paragraph at lines 3644--3649

 []

[67]
Overfull \hbox (1.4856pt too wide) in paragraph at lines 3650--3652
[]$\OT1/ptm/m/n/10.95 1 \OT1/cmr/m/n/10.95 + \OT1/ptm/m/n/10.95 5\OT1/ptm/m/it/
10.95 M\OT1/ptm/m/n/10.95 (\OT1/ptm/m/it/10.95 h \OMS/cmsy/m/n/10.95 ^^@ \OT1/p
tm/m/n/10.95 1) \OT1/cmr/m/n/10.95 = \OT1/ptm/m/n/10.95 (\OT1/ptm/m/it/10.95 h 
\OMS/cmsy/m/n/10.95 ^^@ \OT1/ptm/m/n/10.95 1)[]\OML/cmm/m/it/10.95 =\OT1/ptm/m/
n/10.95 (7693940000945952001 \OMS/cmsy/m/n/10.95 ^^@ \OT1/ptm/m/n/10.95 5124267
32615517606\OT1/ptm/m/it/10.95 h \OT1/cmr/m/n/10.95 + \OT1/ptm/m/n/10.95 675079
0826949015\OT1/ptm/m/it/10.95 h[] \OMS/cmsy/m/n/10.95 ^^@
 []


Underfull \hbox (badness 10000) in paragraph at lines 3650--3652

 []


Underfull \vbox (badness 4647) has occurred while \output is active []

 [68]
[69] [70]
Underfull \hbox (badness 10000) in paragraph at lines 3810--3811

 []


Underfull \vbox (badness 6032) has occurred while \output is active []

 [71]
Underfull \hbox (badness 10000) in paragraph at lines 3866--3868

 []

[72] [73]
Overfull \hbox (25.9671pt too wide) in paragraph at lines 3998--4000
[]\OT1/cmtt/m/n/10.95 The key is instead to $[]$ the finite set of points of $\
OMS/cmsy/m/n/10.95 M[] 
 \U/msb/m/n/10.95 Z\OML/cmm/m/it/10.95 =\OT1/ptm/m/it/10.95 p\U/msb/m/n/10.95 Z
$ \OT1/cmtt/m/n/10.95 corresponding
 []


Overfull \hbox (25.71503pt too wide) in paragraph at lines 3998--4000
\OT1/cmtt/m/n/10.95 to $[]$ elliptic curves in characteristic $\OT1/ptm/m/it/10
.95 p$\OT1/cmtt/m/n/10.95 , those whose $[]$
 []


Overfull \hbox (5.36575pt too wide) in paragraph at lines 3998--4000
\OT1/cmtt/m/n/10.95 vanishes. One then considers various ``rigid-analytic'' ope
n subsets of $\OMS/cmsy/m/n/10.95 M[] 

 []


Overfull \hbox (3.82292pt too wide) in paragraph at lines 3998--4000
\U/msb/m/n/10.95 Z[]$ \OT1/cmtt/m/n/10.95 defined by $[]$ $\OT1/ptm/m/it/10.95 
p$\OT1/cmtt/m/n/10.95 -adic discs of various radii around the supersingular
 []


Underfull \hbox (badness 10000) in paragraph at lines 3998--4000

 []


Underfull \hbox (badness 10000) in paragraph at lines 4001--4004

 []


Overfull \hbox (3.31194pt too wide) in paragraph at lines 4005--4008
[]$[]$  \OT1/cmtt/m/n/10.95 Morava $\OT1/ptm/m/it/10.95 E$\OT1/cmtt/m/n/10.95 -
theories are ``designer cohomology theories'' -- manufactured
 []


Overfull \hbox (1.39397pt too wide) in paragraph at lines 4005--4008
\OT1/cmtt/m/n/10.95 using homotopy theory, not coming from ``nature.'' Some ari
se as completions
 []


Underfull \hbox (badness 10000) in paragraph at lines 4009--4012

 []


Overfull \hbox (17.91885pt too wide) in paragraph at lines 4016--4017
[]\OT1/cmtt/m/n/10.95 The $\OT1/ptm/m/it/10.95 K\OT1/ptm/m/n/10.95 (2)$\OT1/cmt
t/m/n/10.95 -local logarithm should certainly have a kernel - the chromatic pul
lback
 []


Overfull \hbox (10.78976pt too wide) in paragraph at lines 4016--4017
\OT1/cmtt/m/n/10.95 square for the $\OT1/ptm/m/n/10.95 (\OT1/ptm/m/it/10.95 K\O
T1/ptm/m/n/10.95 (1) \OMS/cmsy/m/n/10.95 _ \OT1/ptm/m/it/10.95 K\OT1/ptm/m/n/10
.95 (2))$\OT1/cmtt/m/n/10.95 -localization of $\OT1/ptm/m/it/10.95 gl[]E$ \OT1/
cmtt/m/n/10.95 involves not only the $\OT1/ptm/m/it/10.95 K\OT1/ptm/m/n/10.95 (
2)$\OT1/cmtt/m/n/10.95 -local
 []


Overfull \hbox (0.67279pt too wide) in paragraph at lines 4016--4017
\OT1/cmtt/m/n/10.95 logarithm, but also the $\OT1/ptm/m/it/10.95 K\OT1/ptm/m/n/
10.95 (1)$\OT1/cmtt/m/n/10.95 -local logarithm. Put together, the ``complete''
 []


Overfull \hbox (30.1374pt too wide) in paragraph at lines 4016--4017
\OT1/cmtt/m/n/10.95 kernel for this should be zero in high degrees due to Ando-
Hopkins-Rezk, Thm 4.11.
 []


Underfull \hbox (badness 10000) in paragraph at lines 4016--4017

 []

[74]
Overfull \hbox (35.16492pt too wide) in paragraph at lines 4020--4021
[]\OT1/cmtt/m/n/10.95 The kernel of the $\OT1/ptm/m/it/10.95 K\OT1/ptm/m/n/10.9
5 (2)$\OT1/cmtt/m/n/10.95 -local logarithm consisted of forms that satisfied a 
relation
 []


Overfull \hbox (7.14265pt too wide) in paragraph at lines 4020--4021
\OT1/cmtt/m/n/10.95 satisfied by the Eisenstein series (which are Hecke eigenfo
rms themselves, but
 []


Overfull \hbox (41.63478pt too wide) in paragraph at lines 4020--4021
\OT1/cmtt/m/n/10.95 pretty far distinct from the discriminant). Then, on this k
ernel, you had something
 []


Overfull \hbox (40.9136pt too wide) in paragraph at lines 4020--4021
\OT1/cmtt/m/n/10.95 approaching the Atkin operator acting coming from the remai
ning $\OT1/ptm/m/it/10.95 K\OT1/ptm/m/n/10.95 (1)$\OT1/cmtt/m/n/10.95 -local lo
garithm
 []


Overfull \hbox (5.43886pt too wide) detected at line 4053
 \OT1/cmr/m/n/10.95 =[]\OMS/cmsy/m/n/10.95 )  \OT1/ptm/m/n/10.95 1 \OT1/cmr/m/n
/10.95 + \OT1/ptm/m/n/10.95 5\OT1/ptm/m/it/10.95 M\OT1/ptm/m/n/10.95 (\OT1/ptm/
m/it/10.95 h\OT1/ptm/m/n/10.95 ) \OT1/cmr/m/n/10.95 = \OT1/ptm/m/n/10.95 1 \OT1
/cmr/m/n/10.95 + \OT1/ptm/m/n/10.95 10\OT1/ptm/m/it/10.95 h[] \OT1/cmr/m/n/10.9
5 + \OT1/ptm/m/n/10.95 1440\OT1/ptm/m/it/10.95 h[] \OT1/cmr/m/n/10.95 + \OT1/pt
m/m/n/10.95 9360\OT1/ptm/m/it/10.95 h[] \OT1/cmr/m/n/10.95 + \OT1/ptm/m/n/10.95
 1571370\OT1/ptm/m/it/10.95 h[] \OT1/cmr/m/n/10.95 + \OT1/ptm/m/n/10.95 2206450
\OT1/ptm/m/it/10.95 h[] \OT1/cmr/m/n/10.95 + \OT1/ptm/m/n/10.95 1602705320\OT1/
ptm/m/it/10.95 h[] \OT1/cmr/m/n/10.95 + []
 []

[75]
Overfull \hbox (18.75037pt too wide) in paragraph at lines 4085--4087
[]\OT1/ptm/m/n/10.95 Dieudonn[]e mod-ules ([][]$\OT1/cmtt/m/n/10.95 http : / / 
en . wikipedia . org / wiki / Group _ scheme # Dieudonn . C3 . A9 _ modules$[][
]
 []


Overfull \hbox (3.01593pt too wide) in paragraph at lines 4108--4110
\OT1/cmtt/m/n/10.95 vectors of length two given the quantity `$\OT1/ptm/m/it/10
.95 d$\OT1/cmtt/m/n/10.95 '? Do you need higher information
 []

[76]
Overfull \hbox (300.17952pt too wide) in paragraph at lines 4122--4126
\OT1/ptm/m/n/10.95 group ([][]$\OT1/cmtt/m/n/10.95 http : / / mathoverflow . ne
t / questions / 83096 / is-[]there-[]a-[]high-[]concept-[]explanation-[]of-[]th
e-[]dual-[]steenrod-[]algebra-[]as-[]the-[]automorph$[][]\OT1/ptm/m/n/10.95 )?
 []

[77]
Underfull \hbox (badness 10000) in paragraph at lines 4158--4160

 []

[78]
Overfull \hbox (6.71489pt too wide) in paragraph at lines 4220--4222
[]\OT1/ptm/m/n/10.95 Last part of the proof of (4.23) re-lated to ``gen-er-al-i
zed Witt vec-tors''? (Yes, see [][]$\OT1/cmtt/m/n/10.95 http : / / mathoverflow
 .
 []


Overfull \hbox (21.51645pt too wide) in paragraph at lines 4220--4222
\OT1/cmtt/m/n/10.95 net / questions / 58 / is-[]there-[]a-[]universal-[]propert
y-[]for-[]witt-[]vectors / 89 # 89$[][]\OT1/ptm/m/n/10.95 , and cf (E.2.2)
 []


Overfull \hbox (17.72281pt too wide) in paragraph at lines 4246--4248
[]\OT1/ptm/m/n/10.95 (6.6) Con-struc-tion of $\OML/cmm/m/it/10.95 !$ \OT1/ptm/m
/n/10.95 (a sym-met-ric ob-ject in $[][]$ tak-ing care of odd de-grees): $\OML/
cmm/m/it/10.95 ! \OT1/cmr/m/n/10.95 = [][]\OT1/ptm/m/n/10.95 (\OT1/ptm/m/it/10.
95 E[]\OT1/ptm/m/n/10.95 ([][]) \OMS/cmsy/m/n/10.95 !
 []

[79] [80] [81]
Underfull \vbox (badness 10000) has occurred while \output is active []

 [82]
Underfull \hbox (badness 10000) in paragraph at lines 4447--4448

 []

[83] [84]
Underfull \hbox (badness 10000) in paragraph at lines 4535--4537

 []

[85]
Underfull \hbox (badness 10000) in paragraph at lines 4574--4576

 []


Overfull \hbox (0.2033pt too wide) in paragraph at lines 4582--4590
\OT1/cmtt/m/n/10.95 relation between $\OML/cmm/m/it/10.95 ^^R$\OT1/cmtt/m/n/10.
95 -operations and splittings of $\U/msb/m/n/10.95 W[]\OT1/ptm/m/n/10.95 (\OT1/
ptm/m/it/10.95 R\OT1/ptm/m/n/10.95 ) \OMS/cmsy/m/n/10.95 ! \OT1/ptm/m/it/10.95 
R$\OT1/cmtt/m/n/10.95 , and you may or may not
 []


Overfull \hbox (13.30478pt too wide) in paragraph at lines 4582--4590
\OT1/cmtt/m/n/10.95 be aware that for a torsion-free ring $\OT1/ptm/m/it/10.95 
R$ \OT1/cmtt/m/n/10.95 with a deformation of Frobenius $\OML/cmm/m/it/10.95  $\
OT1/cmtt/m/n/10.95 , there is
 []


Overfull \hbox (0.99802pt too wide) in paragraph at lines 4582--4590
\OT1/cmtt/m/n/10.95 a unique splitting $\OT1/ptm/m/it/10.95 g [] []  R \OMS/cms
y/m/n/10.95 ! \U/msb/m/n/10.95 W\OT1/ptm/m/n/10.95 (\OT1/ptm/m/it/10.95 R\OT1/p
tm/m/n/10.95 )$ \OT1/cmtt/m/n/10.95 such that $\OT1/ptm/m/it/10.95 g\OT1/ptm/m/
n/10.95 (\OML/cmm/m/it/10.95  \OT1/ptm/m/it/10.95 x\OT1/ptm/m/n/10.95 ) \OT1/cm
r/m/n/10.95 = \OT1/ptm/m/it/10.95 F\OT1/ptm/m/n/10.95 (\OT1/ptm/m/it/10.95 gx\O
T1/ptm/m/n/10.95 )$\OT1/cmtt/m/n/10.95 . Seeing if one can work out
 []

[86]
Overfull \hbox (0.59283pt too wide) in paragraph at lines 4651--4658
[][] 
 []

[87]
Underfull \hbox (badness 10000) in paragraph at lines 4722--4722
[][][][] \OT1/cmtt/m/n/10 The universal deformation of a supersingular elliptic
 curve does indeed give a
 []


Underfull \hbox (badness 10000) in paragraph at lines 4722--4722
\OT1/cmtt/m/n/10 Lubin-Tate formal group law, but this is specific to height 2:
 deformations of the
 []


Underfull \hbox (badness 10000) in paragraph at lines 4722--4722
\OT1/cmtt/m/n/10 elliptic curve are always the same as deformations of the $\OT
1/ptm/m/it/10 p$\OT1/cmtt/m/n/10 -divisible group by Serre-Tate
 []


Underfull \hbox (badness 10000) in paragraph at lines 4722--4722
\OT1/cmtt/m/n/10 theory, and at height 2 the $\OT1/ptm/m/it/10 p$\OT1/cmtt/m/n/
10 -divisible group is all formal and so coincides with the
 []


Underfull \hbox (badness 10000) in paragraph at lines 4722--4722
\OT1/cmtt/m/n/10 formal group. The universal deformation of a non-supersingular
 elliptic curve gives rise
 []


Underfull \hbox (badness 10000) in paragraph at lines 4722--4722
\OT1/cmtt/m/n/10 to a so-called Rapoport-Zink moduli space. There's an associat
ed spectrum, but it might
 []

[88] [89] [90] [91]
Overfull \hbox (3.01593pt too wide) in paragraph at lines 4942--4946
\OT1/cmtt/m/n/10.95 vectors of length two given the quantity `$\OT1/ptm/m/it/10
.95 d$\OT1/cmtt/m/n/10.95 '? Do you need higher information
 []

[92]
Underfull \vbox (badness 10000) has occurred while \output is active []

 [93]
[94] [95] [96] [97] [98] [99] [100]

Package hyperref Warning: Token not allowed in a PDFDocEncoded string,
(hyperref)                removing `math shift' on input line 5602.


Package hyperref Warning: Token not allowed in a PDFDocEncoded string,
(hyperref)                removing `math shift' on input line 5602.

[101] [102] (./ec.aux)

LaTeX Font Warning: Size substitutions with differences
(Font)              up to 0.95pt have occurred.

 ) 
Here is how much of TeX's memory you used:
 16318 strings out of 256216
 270175 string characters out of 1917084
 378552 words of memory out of 1500000
 18938 multiletter control sequences out of 10000+200000
 68849 words of font info for 160 fonts, out of 1200000 for 2000
 645 hyphenation exceptions out of 8191
 56i,26n,55p,408b,850s stack positions out of 5000i,500n,6000p,200000b,15000s
{/usr/share/texmf/fonts/enc/dvips/base/8r.enc}</usr/share/texmf/fonts/type1/b
luesky/cm/cmex10.pfb></usr/share/texmf/fonts/type1/bluesky/cm/cmmi10.pfb></usr/
share/texmf/fonts/type1/bluesky/cm/cmmi6.pfb></usr/share/texmf/fonts/type1/blue
sky/cm/cmmi7.pfb></usr/share/texmf/fonts/type1/bluesky/cm/cmmi8.pfb></usr/share
/texmf/fonts/type1/bluesky/cm/cmmi9.pfb></usr/share/texmf/fonts/type1/bluesky/c
m/cmr10.pfb></usr/share/texmf/fonts/type1/bluesky/cm/cmr6.pfb></usr/share/texmf
/fonts/type1/bluesky/cm/cmr7.pfb></usr/share/texmf/fonts/type1/bluesky/cm/cmr8.
pfb></usr/share/texmf/fonts/type1/bluesky/cm/cmr9.pfb></usr/share/texmf/fonts/t
ype1/bluesky/cm/cmsy10.pfb></usr/share/texmf/fonts/type1/bluesky/cm/cmsy6.pfb><
/usr/share/texmf/fonts/type1/bluesky/cm/cmsy7.pfb></usr/share/texmf/fonts/type1
/bluesky/cm/cmsy8.pfb></usr/share/texmf/fonts/type1/bluesky/cm/cmtt10.pfb></usr
/share/texmf/fonts/type1/bluesky/ams/eufm10.pfb></usr/share/texmf/fonts/type1/b
luesky/ams/eufm7.pfb></usr/share/texmf/fonts/type1/public/cmex/fmex8.pfb></usr/
share/texmf/fonts/type1/bluesky/ams/msam10.pfb></usr/share/texmf/fonts/type1/bl
uesky/ams/msam7.pfb></usr/share/texmf/fonts/type1/bluesky/ams/msbm10.pfb></usr/
share/texmf/fonts/type1/bluesky/ams/msbm7.pfb></usr/share/texmf/fonts/type1/hoe
kwater/stmaryrd/stmary10.pfb></usr/share/texmf/fonts/type1/hoekwater/stmaryrd/s
tmary8.pfb></usr/share/texmf/fonts/type1/urw/symbol/usyr.pfb></usr/share/texmf/
fonts/type1/urw/times/utmb8a.pfb></usr/share/texmf/fonts/type1/urw/times/utmr8a
.pfb></usr/share/texmf/fonts/type1/urw/times/utmr8a.pfb></usr/share/texmf/fonts
/type1/urw/times/utmri8a.pfb>
Output written on ec.pdf (102 pages, 1265668 bytes).
PDF statistics:
 1185 PDF objects out of 1200 (max. 8388607)
 296 named destinations out of 1000 (max. 131072)
 511 words of extra memory for PDF output out of 10000 (max. 10000000)

