\BOOKMARK [1][-]{section.1}{1 Introduction}{}
\BOOKMARK [2][-]{subsection.1.1}{1.1 Motivation}{section.1}
\BOOKMARK [2][-]{subsection.1.2}{1.2 Statement of results}{section.1}
\BOOKMARK [2][-]{subsection.1.3}{1.3 Outline of the thesis}{section.1}
\BOOKMARK [2][-]{subsection.1.4}{1.4 Acknowledgements}{section.1}
\BOOKMARK [2][-]{subsection.1.5}{1.5 Conventions}{section.1}
\BOOKMARK [1][-]{section.2}{2 Extended powers and power operations}{}
\BOOKMARK [2][-]{subsection.2.1}{2.1 How a power operation arises}{section.2}
\BOOKMARK [2][-]{subsection.2.2}{2.2 How power operations fit together}{section.2}
\BOOKMARK [1][-]{section.3}{3 Power operations and subgroups of formal groups}{}
\BOOKMARK [2][-]{subsection.3.1}{3.1 Morava E-theories associated to formal groups}{section.3}
\BOOKMARK [2][-]{subsection.3.2}{3.2 The Dyer-Lashof theories associated to Morava E-theories}{section.3}
\BOOKMARK [2][-]{subsection.3.3}{3.3 From power operations to deformations of Frobenius}{section.3}
\BOOKMARK [2][-]{subsection.3.4}{3.4 Deformations of Frobenius are parametrized by subgroups}{section.3}
\BOOKMARK [1][-]{section.4}{4 Subgroups of elliptic curves}{}
\BOOKMARK [2][-]{subsection.4.1}{4.1 The group structure}{section.4}
\BOOKMARK [2][-]{subsection.4.2}{4.2 Torsion subgroups}{section.4}
\BOOKMARK [2][-]{subsection.4.3}{4.3 The formal group}{section.4}
\BOOKMARK [2][-]{subsection.4.4}{4.4 Isogenies}{section.4}
\BOOKMARK [2][-]{subsection.4.5}{4.5 Moduli problems}{section.4}
\BOOKMARK [1][-]{section.5}{5 An example of the power operation structure on an elliptic cohomology theory}{}
\BOOKMARK [2][-]{subsection.5.1}{5.1 Summary of the main example in Section 4}{section.5}
\BOOKMARK [2][-]{subsection.5.2}{5.2 K\(2\)-local power operations}{section.5}
\BOOKMARK [2][-]{subsection.5.3}{5.3 The K\(2\)-local Dyer-Lashof algebra}{section.5}
\BOOKMARK [2][-]{subsection.5.4}{5.4 K\(1\)-local power operations}{section.5}
\BOOKMARK [1][-]{appendix.A}{A Formulas in the proof of Proposition 4.8}{}
\BOOKMARK [1][-]{appendix.B}{B Formulas in the proof of Proposition 4.14}{}
\BOOKMARK [1][-]{section*.19}{References}{}
